INFO Sending email to admin: hujisimariku33@gmail.com
INFO Email subject: [チョイシェアMAP] 一般的なお問い合わせ: aaaaaaaaaaaaaaaaa
INFO From email: hujisimariku33@gmail.com
INFO Admin email sent successfully
INFO Sending auto-reply to: r-fujishima@etsystem.co.jp
INFO Auto-reply email sent successfully
INFO Contact form submitted: あ <r-fujishima@etsystem.co.jp> - 一般的なお問い合わせ
INFO Sending email to admin: hujisimariku33@gmail.com
INFO Email subject: [チョイシェアMAP] 一般的なお問い合わせ: j
INFO From email: hujisimariku33@gmail.com
INFO Admin email sent successfully
INFO Sending auto-reply to: a@ezweb.ne.jp
INFO Auto-reply email sent successfully
INFO Contact form submitted: っっh <a@ezweb.ne.jp> - 一般的なお問い合わせ
INFO Sending email to admin: hujisimariku33@gmail.com
INFO Email subject: [チョイシェアMAP] 一般的なお問い合わせ: aaaaaaaaaaaaaaaaa
INFO From email: hujisimariku33@gmail.com
INFO Admin email sent successfully
INFO Sending auto-reply to: r-fujishima@etsystem.co.jp
INFO Auto-reply email sent successfully
INFO Contact form submitted: あ <r-fujishima@etsystem.co.jp> - 一般的なお問い合わせ
INFO Sending email to admin: hujisimariku33@gmail.com
INFO Email subject: [チョイシェアMAP] 一般的なお問い合わせ: j
INFO From email: hujisimariku33@gmail.com
INFO Admin email sent successfully
INFO Sending auto-reply to: a@ezweb.ne.jp
INFO Auto-reply email sent successfully
INFO Contact form submitted: っっh <a@ezweb.ne.jp> - 一般的なお問い合わせ
INFO Sending email to admin: hujisimariku33@gmail.com
INFO Email subject: [チョイシェアMAP] 一般的なお問い合わせ: aaaaaaaaaaaaaaaaa
INFO From email: hujisimariku33@gmail.com
INFO Admin email sent successfully
INFO Sending auto-reply to: r-fujishima@etsystem.co.jp
INFO Auto-reply email sent successfully
INFO Contact form submitted: あ <r-fujishima@etsystem.co.jp> - 一般的なお問い合わせ
